<?xml version="1.0" encoding="UTF-8"?>
<!-- Generated by org.testng.reporters.JUnitReportReporter -->
<testsuite skipped="0" hostname="DESKTOP-UOOIJVH" name="com.unknow.test.services.CiudadTest" tests="11" failures="0" timestamp="17 mar 2019 14:24:44 GMT" time="7.643" errors="0">
  <testcase name="contentTypeTest" time="0.458" classname="com.unknow.test.services.CiudadTest"/>
  <testcase name="numberOfPlaceNamesInResponseBodyTest" time="0.471" classname="com.unknow.test.services.CiudadTest"/>
  <testcase name="statusCodeTest" time="2.326" classname="com.unknow.test.services.CiudadTest"/>
  <testcase name="placeNameInResponseBodyTest" time="0.465" classname="com.unknow.test.services.CiudadTest"/>
  <testcase name="placeNameFromResponseBodyTest_assertEqualTo" time="0.497" classname="com.unknow.test.services.CiudadTest"/>
  <testcase name="logRequestAndResponseTest" time="0.562" classname="com.unknow.test.services.CiudadTest"/>
  <testcase name="stateNameInResponseBodyTest" time="0.991" classname="com.unknow.test.services.CiudadTest"/>
  <testcase name="placeNameInResponseBodyTest" time="0.452" classname="com.unknow.test.services.CiudadTest"/>
  <testcase name="placeNameInResponseBodyTest" time="0.446" classname="com.unknow.test.services.CiudadTest"/>
  <testcase name="listOfPlaceNamesInResponseBodyTest" time="0.516" classname="com.unknow.test.services.CiudadTest"/>
  <testcase name="placeNameInResponseBodyTest" time="0.459" classname="com.unknow.test.services.CiudadTest"/>
</testsuite> <!-- com.unknow.test.services.CiudadTest -->
