<?xml version="1.0" encoding="UTF-8"?>
<!-- Generated by org.testng.reporters.JUnitReportReporter -->
<testsuite skipped="0" hostname="DESKTOP-UOOIJVH" name="com.unknow.test.services.InsumoTest" tests="6" failures="0" timestamp="17 mar 2019 15:09:05 GMT" time="3.414" errors="0">
  <testcase name="deleteProduct" time="0.052" classname="com.unknow.test.services.InsumoTest"/>
  <testcase name="getAll" time="2.394" classname="com.unknow.test.services.InsumoTest"/>
  <testcase name="getByIdUsingQueryParam" time="0.074" classname="com.unknow.test.services.InsumoTest"/>
  <testcase name="addProductBadRequest" time="0.129" classname="com.unknow.test.services.InsumoTest"/>
  <testcase name="addProduct" time="0.676" classname="com.unknow.test.services.InsumoTest"/>
  <testcase name="getByIdUsingPathParam" time="0.089" classname="com.unknow.test.services.InsumoTest"/>
</testsuite> <!-- com.unknow.test.services.InsumoTest -->
